Fitting 3 folds for each of 20 candidates, totalling 60 fits
RMSE: 12.966288971271936
Episode_Length_minutes         0.906171
Number_of_Ads                  0.038578
Host_Popularity_percentage     0.009263
Episode_Sentiment              0.007893
Guest_Popularity_percentage    0.007190
Episode_Title                  0.006709
Genre                          0.006276
Publication_Day                0.006258
Publication_Time               0.005903
Podcast_Name                   0.005758
dtype: float32
RMSE: 12.916416097325499
Episode_Length_minutes         0.862621
Number_of_Ads                  0.047450
Host_Popularity_percentage     0.014194
Guest_Popularity_percentage    0.012227
Episode_Sentiment              0.011763
Publication_Day                0.010950
Episode_Title                  0.010769
Publication_Time               0.010639
Genre                          0.010486
Podcast_Name                   0.008902
dtype: float32
RMSE: 12.796159090669875
Episode_Length_minutes         0.810471
Number_of_Ads                  0.045510
Guest_Popularity_percentage    0.021915
Host_Popularity_percentage     0.021831
Episode_Sentiment              0.018692
Publication_Day                0.017748
Publication_Time               0.017619
Genre                          0.017542
Episode_Title                  0.016642
Podcast_Name                   0.012029
dtype: float32
